[0.414s] DEBUG:colcon:Command line arguments: ['/usr/bin/colcon', 'build', '--packages-select', 'exp_interfaces']
[0.414s] DEBUG:colcon:Parsed command line arguments: Namespace(allow_overriding=[], ament_cmake_args=None, base_paths=['.'], build_base='build', catkin_cmake_args=None, catkin_skip_building_tests=False, cmake_args=None, cmake_clean_cache=False, cmake_clean_first=False, cmake_force_configure=False, cmake_target=None, cmake_target_skip_unavailable=False, continue_on_error=False, event_handlers=None, executor='parallel', ignore_user_meta=False, install_base='install', log_base=None, log_level=None, main=<bound method BuildVerb.main of <colcon_core.verb.build.BuildVerb object at 0x7f60b4f923d0>>, merge_install=False, metas=['./colcon.meta'], packages_above=None, packages_above_and_dependencies=None, packages_above_depth=None, packages_end=None, packages_ignore=None, packages_ignore_regex=None, packages_select=['exp_interfaces'], packages_select_build_failed=False, packages_select_by_dep=None, packages_select_regex=None, packages_select_test_failures=False, packages_skip=None, packages_skip_build_finished=False, packages_skip_by_dep=None, packages_skip_regex=None, packages_skip_test_passed=False, packages_skip_up_to=None, packages_start=None, packages_up_to=None, packages_up_to_regex=None, parallel_workers=12, paths=None, symlink_install=False, test_result_base=None, verb_extension=<colcon_core.verb.build.BuildVerb object at 0x7f60b4f923d0>, verb_name='build', verb_parser=<colcon_defaults.argument_parser.defaults.DefaultArgumentsDecorator object at 0x7f60b4f92910>)
[0.441s] Level 1:colcon.colcon_core.package_discovery:discover_packages(colcon_meta) check parameters
[0.441s] Level 1:colcon.colcon_core.package_discovery:discover_packages(recursive) check parameters
[0.441s] Level 1:colcon.colcon_core.package_discovery:discover_packages(ignore) check parameters
[0.441s] Level 1:colcon.colcon_core.package_discovery:discover_packages(path) check parameters
[0.441s] Level 1:colcon.colcon_core.package_discovery:discover_packages(colcon_meta) discover
[0.441s] Level 1:colcon.colcon_core.package_discovery:discover_packages(recursive) discover
[0.441s] INFO:colcon.colcon_core.package_discovery:Crawling recursively for packages in '/home/zyh/ros2_study/foxy/foxy_ws'
[0.442s] Level 1:colcon.colcon_core.package_identification:_identify(.) by extensions ['ignore', 'ignore_ament_install']
[0.442s] Level 1:colcon.colcon_core.package_identification:_identify(.) by extension 'ignore'
[0.442s] Level 1:colcon.colcon_core.package_identification:_identify(.) by extension 'ignore_ament_install'
[0.442s] Level 1:colcon.colcon_core.package_identification:_identify(.) by extensions ['colcon_pkg']
[0.442s] Level 1:colcon.colcon_core.package_identification:_identify(.) by extension 'colcon_pkg'
[0.442s] Level 1:colcon.colcon_core.package_identification:_identify(.) by extensions ['colcon_meta']
[0.442s] Level 1:colcon.colcon_core.package_identification:_identify(.) by extension 'colcon_meta'
[0.442s] Level 1:colcon.colcon_core.package_identification:_identify(.) by extensions ['ros']
[0.442s] Level 1:colcon.colcon_core.package_identification:_identify(.) by extension 'ros'
[0.453s] Level 1:colcon.colcon_core.package_identification:_identify(.) by extensions ['cmake', 'python']
[0.453s] Level 1:colcon.colcon_core.package_identification:_identify(.) by extension 'cmake'
[0.453s] Level 1:colcon.colcon_core.package_identification:_identify(.) by extension 'python'
[0.453s] Level 1:colcon.colcon_core.package_identification:_identify(.) by extensions ['python_setup_py']
[0.453s] Level 1:colcon.colcon_core.package_identification:_identify(.) by extension 'python_setup_py'
[0.453s] Level 1:colcon.colcon_core.package_identification:_identify(build) by extensions ['ignore', 'ignore_ament_install']
[0.453s] Level 1:colcon.colcon_core.package_identification:_identify(build) by extension 'ignore'
[0.453s] Level 1:colcon.colcon_core.package_identification:_identify(build) ignored
[0.453s] Level 1:colcon.colcon_core.package_identification:_identify(install) by extensions ['ignore', 'ignore_ament_install']
[0.453s] Level 1:colcon.colcon_core.package_identification:_identify(install) by extension 'ignore'
[0.453s] Level 1:colcon.colcon_core.package_identification:_identify(install) ignored
[0.453s] Level 1:colcon.colcon_core.package_identification:_identify(log) by extensions ['ignore', 'ignore_ament_install']
[0.453s] Level 1:colcon.colcon_core.package_identification:_identify(log) by extension 'ignore'
[0.454s] Level 1:colcon.colcon_core.package_identification:_identify(log) ignored
[0.454s] Level 1:colcon.colcon_core.package_identification:_identify(src) by extensions ['ignore', 'ignore_ament_install']
[0.454s] Level 1:colcon.colcon_core.package_identification:_identify(src) by extension 'ignore'
[0.454s] Level 1:colcon.colcon_core.package_identification:_identify(src) by extension 'ignore_ament_install'
[0.454s] Level 1:colcon.colcon_core.package_identification:_identify(src) by extensions ['colcon_pkg']
[0.454s] Level 1:colcon.colcon_core.package_identification:_identify(src) by extension 'colcon_pkg'
[0.454s] Level 1:colcon.colcon_core.package_identification:_identify(src) by extensions ['colcon_meta']
[0.454s] Level 1:colcon.colcon_core.package_identification:_identify(src) by extension 'colcon_meta'
[0.454s] Level 1:colcon.colcon_core.package_identification:_identify(src) by extensions ['ros']
[0.454s] Level 1:colcon.colcon_core.package_identification:_identify(src) by extension 'ros'
[0.454s] Level 1:colcon.colcon_core.package_identification:_identify(src) by extensions ['cmake', 'python']
[0.454s] Level 1:colcon.colcon_core.package_identification:_identify(src) by extension 'cmake'
[0.454s] Level 1:colcon.colcon_core.package_identification:_identify(src) by extension 'python'
[0.454s] Level 1:colcon.colcon_core.package_identification:_identify(src) by extensions ['python_setup_py']
[0.454s] Level 1:colcon.colcon_core.package_identification:_identify(src) by extension 'python_setup_py'
[0.454s] Level 1:colcon.colcon_core.package_identification:_identify(src/cpp_pub_sub) by extensions ['ignore', 'ignore_ament_install']
[0.454s] Level 1:colcon.colcon_core.package_identification:_identify(src/cpp_pub_sub) by extension 'ignore'
[0.454s] Level 1:colcon.colcon_core.package_identification:_identify(src/cpp_pub_sub) by extension 'ignore_ament_install'
[0.454s] Level 1:colcon.colcon_core.package_identification:_identify(src/cpp_pub_sub) by extensions ['colcon_pkg']
[0.455s] Level 1:colcon.colcon_core.package_identification:_identify(src/cpp_pub_sub) by extension 'colcon_pkg'
[0.455s] Level 1:colcon.colcon_core.package_identification:_identify(src/cpp_pub_sub) by extensions ['colcon_meta']
[0.455s] Level 1:colcon.colcon_core.package_identification:_identify(src/cpp_pub_sub) by extension 'colcon_meta'
[0.455s] Level 1:colcon.colcon_core.package_identification:_identify(src/cpp_pub_sub) by extensions ['ros']
[0.455s] Level 1:colcon.colcon_core.package_identification:_identify(src/cpp_pub_sub) by extension 'ros'
[0.457s] DEBUG:colcon.colcon_core.package_identification:Package 'src/cpp_pub_sub' with type 'ros.ament_cmake' and name 'cpp_pub_sub'
[0.457s] Level 1:colcon.colcon_core.package_identification:_identify(src/cpp_srv_cli) by extensions ['ignore', 'ignore_ament_install']
[0.457s] Level 1:colcon.colcon_core.package_identification:_identify(src/cpp_srv_cli) by extension 'ignore'
[0.457s] Level 1:colcon.colcon_core.package_identification:_identify(src/cpp_srv_cli) by extension 'ignore_ament_install'
[0.457s] Level 1:colcon.colcon_core.package_identification:_identify(src/cpp_srv_cli) by extensions ['colcon_pkg']
[0.457s] Level 1:colcon.colcon_core.package_identification:_identify(src/cpp_srv_cli) by extension 'colcon_pkg'
[0.457s] Level 1:colcon.colcon_core.package_identification:_identify(src/cpp_srv_cli) by extensions ['colcon_meta']
[0.457s] Level 1:colcon.colcon_core.package_identification:_identify(src/cpp_srv_cli) by extension 'colcon_meta'
[0.457s] Level 1:colcon.colcon_core.package_identification:_identify(src/cpp_srv_cli) by extensions ['ros']
[0.457s] Level 1:colcon.colcon_core.package_identification:_identify(src/cpp_srv_cli) by extension 'ros'
[0.458s] DEBUG:colcon.colcon_core.package_identification:Package 'src/cpp_srv_cli' with type 'ros.ament_cmake' and name 'cpp_srv_cli'
[0.458s] Level 1:colcon.colcon_core.package_identification:_identify(src/exp_interfaces) by extensions ['ignore', 'ignore_ament_install']
[0.458s] Level 1:colcon.colcon_core.package_identification:_identify(src/exp_interfaces) by extension 'ignore'
[0.458s] Level 1:colcon.colcon_core.package_identification:_identify(src/exp_interfaces) by extension 'ignore_ament_install'
[0.458s] Level 1:colcon.colcon_core.package_identification:_identify(src/exp_interfaces) by extensions ['colcon_pkg']
[0.458s] Level 1:colcon.colcon_core.package_identification:_identify(src/exp_interfaces) by extension 'colcon_pkg'
[0.458s] Level 1:colcon.colcon_core.package_identification:_identify(src/exp_interfaces) by extensions ['colcon_meta']
[0.458s] Level 1:colcon.colcon_core.package_identification:_identify(src/exp_interfaces) by extension 'colcon_meta'
[0.458s] Level 1:colcon.colcon_core.package_identification:_identify(src/exp_interfaces) by extensions ['ros']
[0.458s] Level 1:colcon.colcon_core.package_identification:_identify(src/exp_interfaces) by extension 'ros'
[0.459s] DEBUG:colcon.colcon_core.package_identification:Package 'src/exp_interfaces' with type 'ros.ament_cmake' and name 'exp_interfaces'
[0.459s] Level 1:colcon.colcon_core.package_identification:_identify(src/py_pub_sub) by extensions ['ignore', 'ignore_ament_install']
[0.459s] Level 1:colcon.colcon_core.package_identification:_identify(src/py_pub_sub) by extension 'ignore'
[0.459s] Level 1:colcon.colcon_core.package_identification:_identify(src/py_pub_sub) by extension 'ignore_ament_install'
[0.459s] Level 1:colcon.colcon_core.package_identification:_identify(src/py_pub_sub) by extensions ['colcon_pkg']
[0.459s] Level 1:colcon.colcon_core.package_identification:_identify(src/py_pub_sub) by extension 'colcon_pkg'
[0.459s] Level 1:colcon.colcon_core.package_identification:_identify(src/py_pub_sub) by extensions ['colcon_meta']
[0.459s] Level 1:colcon.colcon_core.package_identification:_identify(src/py_pub_sub) by extension 'colcon_meta'
[0.459s] Level 1:colcon.colcon_core.package_identification:_identify(src/py_pub_sub) by extensions ['ros']
[0.459s] Level 1:colcon.colcon_core.package_identification:_identify(src/py_pub_sub) by extension 'ros'
[0.460s] DEBUG:colcon.colcon_core.package_identification:Package 'src/py_pub_sub' with type 'ros.ament_python' and name 'py_pub_sub'
[0.460s] Level 1:colcon.colcon_core.package_identification:_identify(src/py_srv_cli) by extensions ['ignore', 'ignore_ament_install']
[0.460s] Level 1:colcon.colcon_core.package_identification:_identify(src/py_srv_cli) by extension 'ignore'
[0.460s] Level 1:colcon.colcon_core.package_identification:_identify(src/py_srv_cli) by extension 'ignore_ament_install'
[0.460s] Level 1:colcon.colcon_core.package_identification:_identify(src/py_srv_cli) by extensions ['colcon_pkg']
[0.460s] Level 1:colcon.colcon_core.package_identification:_identify(src/py_srv_cli) by extension 'colcon_pkg'
[0.460s] Level 1:colcon.colcon_core.package_identification:_identify(src/py_srv_cli) by extensions ['colcon_meta']
[0.460s] Level 1:colcon.colcon_core.package_identification:_identify(src/py_srv_cli) by extension 'colcon_meta'
[0.460s] Level 1:colcon.colcon_core.package_identification:_identify(src/py_srv_cli) by extensions ['ros']
[0.460s] Level 1:colcon.colcon_core.package_identification:_identify(src/py_srv_cli) by extension 'ros'
[0.461s] DEBUG:colcon.colcon_core.package_identification:Package 'src/py_srv_cli' with type 'ros.ament_python' and name 'py_srv_cli'
[0.461s] Level 1:colcon.colcon_core.package_discovery:discover_packages(recursive) using defaults
[0.461s] Level 1:colcon.colcon_core.package_discovery:discover_packages(ignore) discover
[0.461s] Level 1:colcon.colcon_core.package_discovery:discover_packages(ignore) using defaults
[0.461s] Level 1:colcon.colcon_core.package_discovery:discover_packages(path) discover
[0.461s] Level 1:colcon.colcon_core.package_discovery:discover_packages(path) using defaults
[0.480s] INFO:colcon.colcon_core.package_selection:Skipping not selected package 'cpp_pub_sub' in 'src/cpp_pub_sub'
[0.480s] INFO:colcon.colcon_core.package_selection:Skipping not selected package 'cpp_srv_cli' in 'src/cpp_srv_cli'
[0.481s] INFO:colcon.colcon_core.package_selection:Skipping not selected package 'py_pub_sub' in 'src/py_pub_sub'
[0.481s] INFO:colcon.colcon_core.package_selection:Skipping not selected package 'py_srv_cli' in 'src/py_srv_cli'
[0.481s] Level 1:colcon.colcon_core.package_discovery:discover_packages(prefix_path) check parameters
[0.481s] Level 1:colcon.colcon_core.package_discovery:discover_packages(prefix_path) discover
[0.484s] DEBUG:colcon.colcon_installed_package_information.package_discovery:Found 6 installed packages in /home/zyh/ros2_study/foxy/foxy_ws/install
[0.486s] DEBUG:colcon.colcon_installed_package_information.package_discovery:Found 256 installed packages in /opt/ros/foxy
[0.487s] Level 1:colcon.colcon_core.package_discovery:discover_packages(prefix_path) using defaults
[0.546s] ERROR:colcon.colcon_core.entry_point:Exception loading extension 'colcon_core.task.build.ros.ament_python': cannot import name 'Interpreter' from 'em' (/home/zyh/.local/lib/python3.8/site-packages/em/__init__.py) The Python package 'empy' must be installed and 'em' must not be installed since both packages share the same namespace
Traceback (most recent call last):
  File "/usr/lib/python3/dist-packages/colcon_core/entry_point.py", line 120, in load_entry_points
    extension_type = load_entry_point(entry_point)
  File "/usr/lib/python3/dist-packages/colcon_core/entry_point.py", line 166, in load_entry_point
    return entry_point.load()
  File "/home/zyh/.local/lib/python3.8/site-packages/pkg_resources/__init__.py", line 2461, in load
    return self.resolve()
  File "/home/zyh/.local/lib/python3.8/site-packages/pkg_resources/__init__.py", line 2467, in resolve
    module = __import__(self.module_name, fromlist=['__name__'], level=0)
  File "/usr/lib/python3/dist-packages/colcon_ros/task/ament_python/build.py", line 17, in <module>
    from colcon_core.task.python.build import PythonBuildTask
  File "/usr/lib/python3/dist-packages/colcon_core/task/python/build.py", line 25, in <module>
    from colcon_core.task.python.template import expand_template
  File "/usr/lib/python3/dist-packages/colcon_core/task/python/template/__init__.py", line 4, in <module>
    from colcon_core.shell.template import expand_template  # noqa: F401
  File "/usr/lib/python3/dist-packages/colcon_core/shell/template/__init__.py", line 19, in <module>
    raise e from None
  File "/usr/lib/python3/dist-packages/colcon_core/shell/template/__init__.py", line 9, in <module>
    from em import Interpreter
ImportError: cannot import name 'Interpreter' from 'em' (/home/zyh/.local/lib/python3.8/site-packages/em/__init__.py) The Python package 'empy' must be installed and 'em' must not be installed since both packages share the same namespace

[0.547s] ERROR:colcon.colcon_core.entry_point:Exception loading extension 'colcon_core.task.build.python': cannot import name 'Interpreter' from 'em' (/home/zyh/.local/lib/python3.8/site-packages/em/__init__.py) The Python package 'empy' must be installed and 'em' must not be installed since both packages share the same namespace
Traceback (most recent call last):
  File "/usr/lib/python3/dist-packages/colcon_core/entry_point.py", line 120, in load_entry_points
    extension_type = load_entry_point(entry_point)
  File "/usr/lib/python3/dist-packages/colcon_core/entry_point.py", line 166, in load_entry_point
    return entry_point.load()
  File "/home/zyh/.local/lib/python3.8/site-packages/pkg_resources/__init__.py", line 2461, in load
    return self.resolve()
  File "/home/zyh/.local/lib/python3.8/site-packages/pkg_resources/__init__.py", line 2467, in resolve
    module = __import__(self.module_name, fromlist=['__name__'], level=0)
  File "/usr/lib/python3/dist-packages/colcon_core/task/python/build.py", line 25, in <module>
    from colcon_core.task.python.template import expand_template
  File "/usr/lib/python3/dist-packages/colcon_core/task/python/template/__init__.py", line 4, in <module>
    from colcon_core.shell.template import expand_template  # noqa: F401
  File "/usr/lib/python3/dist-packages/colcon_core/shell/template/__init__.py", line 19, in <module>
    raise e from None
  File "/usr/lib/python3/dist-packages/colcon_core/shell/template/__init__.py", line 9, in <module>
    from em import Interpreter
ImportError: cannot import name 'Interpreter' from 'em' (/home/zyh/.local/lib/python3.8/site-packages/em/__init__.py) The Python package 'empy' must be installed and 'em' must not be installed since both packages share the same namespace

[0.548s] Level 5:colcon.colcon_core.verb:set package 'exp_interfaces' build argument 'cmake_args' from command line to 'None'
[0.548s] Level 5:colcon.colcon_core.verb:set package 'exp_interfaces' build argument 'cmake_target' from command line to 'None'
[0.548s] Level 5:colcon.colcon_core.verb:set package 'exp_interfaces' build argument 'cmake_target_skip_unavailable' from command line to 'False'
[0.548s] Level 5:colcon.colcon_core.verb:set package 'exp_interfaces' build argument 'cmake_clean_cache' from command line to 'False'
[0.548s] Level 5:colcon.colcon_core.verb:set package 'exp_interfaces' build argument 'cmake_clean_first' from command line to 'False'
[0.548s] Level 5:colcon.colcon_core.verb:set package 'exp_interfaces' build argument 'cmake_force_configure' from command line to 'False'
[0.548s] Level 5:colcon.colcon_core.verb:set package 'exp_interfaces' build argument 'ament_cmake_args' from command line to 'None'
[0.548s] Level 5:colcon.colcon_core.verb:set package 'exp_interfaces' build argument 'catkin_cmake_args' from command line to 'None'
[0.548s] Level 5:colcon.colcon_core.verb:set package 'exp_interfaces' build argument 'catkin_skip_building_tests' from command line to 'False'
[0.548s] DEBUG:colcon.colcon_core.verb:Building package 'exp_interfaces' with the following arguments: {'ament_cmake_args': None, 'build_base': '/home/zyh/ros2_study/foxy/foxy_ws/build/exp_interfaces', 'catkin_cmake_args': None, 'catkin_skip_building_tests': False, 'cmake_args': None, 'cmake_clean_cache': False, 'cmake_clean_first': False, 'cmake_force_configure': False, 'cmake_target': None, 'cmake_target_skip_unavailable': False, 'install_base': '/home/zyh/ros2_study/foxy/foxy_ws/install/exp_interfaces', 'merge_install': False, 'path': '/home/zyh/ros2_study/foxy/foxy_ws/src/exp_interfaces', 'symlink_install': False, 'test_result_base': None}
[0.549s] INFO:colcon.colcon_core.executor:Executing jobs using 'parallel' executor
[0.555s] DEBUG:colcon.colcon_parallel_executor.executor.parallel:run_until_complete
[0.555s] INFO:colcon.colcon_ros.task.ament_cmake.build:Building ROS package in '/home/zyh/ros2_study/foxy/foxy_ws/src/exp_interfaces' with build type 'ament_cmake'
[0.556s] INFO:colcon.colcon_cmake.task.cmake.build:Building CMake package in '/home/zyh/ros2_study/foxy/foxy_ws/src/exp_interfaces'
[0.559s] ERROR:colcon.colcon_core.entry_point:Exception loading extension 'colcon_core.shell.zsh': cannot import name 'Interpreter' from 'em' (/home/zyh/.local/lib/python3.8/site-packages/em/__init__.py) The Python package 'empy' must be installed and 'em' must not be installed since both packages share the same namespace
Traceback (most recent call last):
  File "/usr/lib/python3/dist-packages/colcon_core/entry_point.py", line 120, in load_entry_points
    extension_type = load_entry_point(entry_point)
  File "/usr/lib/python3/dist-packages/colcon_core/entry_point.py", line 166, in load_entry_point
    return entry_point.load()
  File "/home/zyh/.local/lib/python3.8/site-packages/pkg_resources/__init__.py", line 2461, in load
    return self.resolve()
  File "/home/zyh/.local/lib/python3.8/site-packages/pkg_resources/__init__.py", line 2467, in resolve
    module = __import__(self.module_name, fromlist=['__name__'], level=0)
  File "/usr/lib/python3/dist-packages/colcon_zsh/shell/zsh.py", line 13, in <module>
    from colcon_core.shell.template import expand_template
  File "/usr/lib/python3/dist-packages/colcon_core/shell/template/__init__.py", line 19, in <module>
    raise e from None
  File "/usr/lib/python3/dist-packages/colcon_core/shell/template/__init__.py", line 9, in <module>
    from em import Interpreter
ImportError: cannot import name 'Interpreter' from 'em' (/home/zyh/.local/lib/python3.8/site-packages/em/__init__.py) The Python package 'empy' must be installed and 'em' must not be installed since both packages share the same namespace

[0.559s] ERROR:colcon.colcon_core.entry_point:Exception loading extension 'colcon_core.shell.powershell': cannot import name 'Interpreter' from 'em' (/home/zyh/.local/lib/python3.8/site-packages/em/__init__.py) The Python package 'empy' must be installed and 'em' must not be installed since both packages share the same namespace
Traceback (most recent call last):
  File "/usr/lib/python3/dist-packages/colcon_core/entry_point.py", line 120, in load_entry_points
    extension_type = load_entry_point(entry_point)
  File "/usr/lib/python3/dist-packages/colcon_core/entry_point.py", line 166, in load_entry_point
    return entry_point.load()
  File "/home/zyh/.local/lib/python3.8/site-packages/pkg_resources/__init__.py", line 2461, in load
    return self.resolve()
  File "/home/zyh/.local/lib/python3.8/site-packages/pkg_resources/__init__.py", line 2467, in resolve
    module = __import__(self.module_name, fromlist=['__name__'], level=0)
  File "/usr/lib/python3/dist-packages/colcon_powershell/shell/powershell.py", line 17, in <module>
    from colcon_core.shell.template import expand_template
  File "/usr/lib/python3/dist-packages/colcon_core/shell/template/__init__.py", line 19, in <module>
    raise e from None
  File "/usr/lib/python3/dist-packages/colcon_core/shell/template/__init__.py", line 9, in <module>
    from em import Interpreter
ImportError: cannot import name 'Interpreter' from 'em' (/home/zyh/.local/lib/python3.8/site-packages/em/__init__.py) The Python package 'empy' must be installed and 'em' must not be installed since both packages share the same namespace

[0.560s] ERROR:colcon.colcon_core.entry_point:Exception loading extension 'colcon_core.shell.bat': cannot import name 'Interpreter' from 'em' (/home/zyh/.local/lib/python3.8/site-packages/em/__init__.py) The Python package 'empy' must be installed and 'em' must not be installed since both packages share the same namespace
Traceback (most recent call last):
  File "/usr/lib/python3/dist-packages/colcon_core/entry_point.py", line 120, in load_entry_points
    extension_type = load_entry_point(entry_point)
  File "/usr/lib/python3/dist-packages/colcon_core/entry_point.py", line 166, in load_entry_point
    return entry_point.load()
  File "/home/zyh/.local/lib/python3.8/site-packages/pkg_resources/__init__.py", line 2461, in load
    return self.resolve()
  File "/home/zyh/.local/lib/python3.8/site-packages/pkg_resources/__init__.py", line 2467, in resolve
    module = __import__(self.module_name, fromlist=['__name__'], level=0)
  File "/usr/lib/python3/dist-packages/colcon_core/shell/bat.py", line 15, in <module>
    from colcon_core.shell.template import expand_template
  File "/usr/lib/python3/dist-packages/colcon_core/shell/template/__init__.py", line 19, in <module>
    raise e from None
  File "/usr/lib/python3/dist-packages/colcon_core/shell/template/__init__.py", line 9, in <module>
    from em import Interpreter
ImportError: cannot import name 'Interpreter' from 'em' (/home/zyh/.local/lib/python3.8/site-packages/em/__init__.py) The Python package 'empy' must be installed and 'em' must not be installed since both packages share the same namespace

[0.561s] ERROR:colcon.colcon_core.entry_point:Exception loading extension 'colcon_core.shell.dsv': cannot import name 'Interpreter' from 'em' (/home/zyh/.local/lib/python3.8/site-packages/em/__init__.py) The Python package 'empy' must be installed and 'em' must not be installed since both packages share the same namespace
Traceback (most recent call last):
  File "/usr/lib/python3/dist-packages/colcon_core/entry_point.py", line 120, in load_entry_points
    extension_type = load_entry_point(entry_point)
  File "/usr/lib/python3/dist-packages/colcon_core/entry_point.py", line 166, in load_entry_point
    return entry_point.load()
  File "/home/zyh/.local/lib/python3.8/site-packages/pkg_resources/__init__.py", line 2461, in load
    return self.resolve()
  File "/home/zyh/.local/lib/python3.8/site-packages/pkg_resources/__init__.py", line 2467, in resolve
    module = __import__(self.module_name, fromlist=['__name__'], level=0)
  File "/usr/lib/python3/dist-packages/colcon_core/shell/dsv.py", line 9, in <module>
    from colcon_core.shell.template import expand_template
  File "/usr/lib/python3/dist-packages/colcon_core/shell/template/__init__.py", line 19, in <module>
    raise e from None
  File "/usr/lib/python3/dist-packages/colcon_core/shell/template/__init__.py", line 9, in <module>
    from em import Interpreter
ImportError: cannot import name 'Interpreter' from 'em' (/home/zyh/.local/lib/python3.8/site-packages/em/__init__.py) The Python package 'empy' must be installed and 'em' must not be installed since both packages share the same namespace

[0.563s] ERROR:colcon.colcon_core.entry_point:Exception loading extension 'colcon_core.shell.sh': cannot import name 'Interpreter' from 'em' (/home/zyh/.local/lib/python3.8/site-packages/em/__init__.py) The Python package 'empy' must be installed and 'em' must not be installed since both packages share the same namespace
Traceback (most recent call last):
  File "/usr/lib/python3/dist-packages/colcon_core/entry_point.py", line 120, in load_entry_points
    extension_type = load_entry_point(entry_point)
  File "/usr/lib/python3/dist-packages/colcon_core/entry_point.py", line 166, in load_entry_point
    return entry_point.load()
  File "/home/zyh/.local/lib/python3.8/site-packages/pkg_resources/__init__.py", line 2461, in load
    return self.resolve()
  File "/home/zyh/.local/lib/python3.8/site-packages/pkg_resources/__init__.py", line 2467, in resolve
    module = __import__(self.module_name, fromlist=['__name__'], level=0)
  File "/usr/lib/python3/dist-packages/colcon_core/shell/sh.py", line 15, in <module>
    from colcon_core.shell.template import expand_template
  File "/usr/lib/python3/dist-packages/colcon_core/shell/template/__init__.py", line 19, in <module>
    raise e from None
  File "/usr/lib/python3/dist-packages/colcon_core/shell/template/__init__.py", line 9, in <module>
    from em import Interpreter
ImportError: cannot import name 'Interpreter' from 'em' (/home/zyh/.local/lib/python3.8/site-packages/em/__init__.py) The Python package 'empy' must be installed and 'em' must not be installed since both packages share the same namespace

[0.570s] ERROR:colcon.colcon_core.entry_point:Exception loading extension 'colcon_core.shell.bash': cannot import name 'Interpreter' from 'em' (/home/zyh/.local/lib/python3.8/site-packages/em/__init__.py) The Python package 'empy' must be installed and 'em' must not be installed since both packages share the same namespace
Traceback (most recent call last):
  File "/usr/lib/python3/dist-packages/colcon_core/entry_point.py", line 120, in load_entry_points
    extension_type = load_entry_point(entry_point)
  File "/usr/lib/python3/dist-packages/colcon_core/entry_point.py", line 166, in load_entry_point
    return entry_point.load()
  File "/home/zyh/.local/lib/python3.8/site-packages/pkg_resources/__init__.py", line 2461, in load
    return self.resolve()
  File "/home/zyh/.local/lib/python3.8/site-packages/pkg_resources/__init__.py", line 2467, in resolve
    module = __import__(self.module_name, fromlist=['__name__'], level=0)
  File "/usr/lib/python3/dist-packages/colcon_bash/shell/bash.py", line 13, in <module>
    from colcon_core.shell.template import expand_template
  File "/usr/lib/python3/dist-packages/colcon_core/shell/template/__init__.py", line 19, in <module>
    raise e from None
  File "/usr/lib/python3/dist-packages/colcon_core/shell/template/__init__.py", line 9, in <module>
    from em import Interpreter
ImportError: cannot import name 'Interpreter' from 'em' (/home/zyh/.local/lib/python3.8/site-packages/em/__init__.py) The Python package 'empy' must be installed and 'em' must not be installed since both packages share the same namespace

[0.571s] ERROR:colcon.colcon_cmake.task.cmake.build:Could not find a shell extension for the command environment
[0.590s] Level 1:colcon.colcon_core.environment:create_environment_scripts_only(exp_interfaces)
[0.597s] Level 1:colcon.colcon_core.environment:checking '/home/zyh/ros2_study/foxy/foxy_ws/install/exp_interfaces' for CMake module files
[0.597s] Level 1:colcon.colcon_core.environment:checking '/home/zyh/ros2_study/foxy/foxy_ws/install/exp_interfaces' for CMake config files
[0.598s] Level 1:colcon.colcon_core.environment:checking '/home/zyh/ros2_study/foxy/foxy_ws/install/exp_interfaces/bin'
[0.598s] Level 1:colcon.colcon_core.environment:checking '/home/zyh/ros2_study/foxy/foxy_ws/install/exp_interfaces/lib/pkgconfig/exp_interfaces.pc'
[0.598s] Level 1:colcon.colcon_core.environment:checking '/home/zyh/ros2_study/foxy/foxy_ws/install/exp_interfaces/lib/python3.8/site-packages'
[0.598s] Level 1:colcon.colcon_core.environment:checking '/home/zyh/ros2_study/foxy/foxy_ws/install/exp_interfaces/bin'
[0.599s] ERROR:colcon.colcon_core.entry_point:Exception loading extension 'colcon_core.shell.zsh': cannot import name 'Interpreter' from 'em' (/home/zyh/.local/lib/python3.8/site-packages/em/__init__.py) The Python package 'empy' must be installed and 'em' must not be installed since both packages share the same namespace
Traceback (most recent call last):
  File "/usr/lib/python3/dist-packages/colcon_core/entry_point.py", line 120, in load_entry_points
    extension_type = load_entry_point(entry_point)
  File "/usr/lib/python3/dist-packages/colcon_core/entry_point.py", line 166, in load_entry_point
    return entry_point.load()
  File "/home/zyh/.local/lib/python3.8/site-packages/pkg_resources/__init__.py", line 2461, in load
    return self.resolve()
  File "/home/zyh/.local/lib/python3.8/site-packages/pkg_resources/__init__.py", line 2467, in resolve
    module = __import__(self.module_name, fromlist=['__name__'], level=0)
  File "/usr/lib/python3/dist-packages/colcon_zsh/shell/zsh.py", line 13, in <module>
    from colcon_core.shell.template import expand_template
  File "/usr/lib/python3/dist-packages/colcon_core/shell/template/__init__.py", line 19, in <module>
    raise e from None
  File "/usr/lib/python3/dist-packages/colcon_core/shell/template/__init__.py", line 9, in <module>
    from em import Interpreter
ImportError: cannot import name 'Interpreter' from 'em' (/home/zyh/.local/lib/python3.8/site-packages/em/__init__.py) The Python package 'empy' must be installed and 'em' must not be installed since both packages share the same namespace

[0.600s] ERROR:colcon.colcon_core.entry_point:Exception loading extension 'colcon_core.shell.powershell': cannot import name 'Interpreter' from 'em' (/home/zyh/.local/lib/python3.8/site-packages/em/__init__.py) The Python package 'empy' must be installed and 'em' must not be installed since both packages share the same namespace
Traceback (most recent call last):
  File "/usr/lib/python3/dist-packages/colcon_core/entry_point.py", line 120, in load_entry_points
    extension_type = load_entry_point(entry_point)
  File "/usr/lib/python3/dist-packages/colcon_core/entry_point.py", line 166, in load_entry_point
    return entry_point.load()
  File "/home/zyh/.local/lib/python3.8/site-packages/pkg_resources/__init__.py", line 2461, in load
    return self.resolve()
  File "/home/zyh/.local/lib/python3.8/site-packages/pkg_resources/__init__.py", line 2467, in resolve
    module = __import__(self.module_name, fromlist=['__name__'], level=0)
  File "/usr/lib/python3/dist-packages/colcon_powershell/shell/powershell.py", line 17, in <module>
    from colcon_core.shell.template import expand_template
  File "/usr/lib/python3/dist-packages/colcon_core/shell/template/__init__.py", line 19, in <module>
    raise e from None
  File "/usr/lib/python3/dist-packages/colcon_core/shell/template/__init__.py", line 9, in <module>
    from em import Interpreter
ImportError: cannot import name 'Interpreter' from 'em' (/home/zyh/.local/lib/python3.8/site-packages/em/__init__.py) The Python package 'empy' must be installed and 'em' must not be installed since both packages share the same namespace

[0.602s] ERROR:colcon.colcon_core.entry_point:Exception loading extension 'colcon_core.shell.bat': cannot import name 'Interpreter' from 'em' (/home/zyh/.local/lib/python3.8/site-packages/em/__init__.py) The Python package 'empy' must be installed and 'em' must not be installed since both packages share the same namespace
Traceback (most recent call last):
  File "/usr/lib/python3/dist-packages/colcon_core/entry_point.py", line 120, in load_entry_points
    extension_type = load_entry_point(entry_point)
  File "/usr/lib/python3/dist-packages/colcon_core/entry_point.py", line 166, in load_entry_point
    return entry_point.load()
  File "/home/zyh/.local/lib/python3.8/site-packages/pkg_resources/__init__.py", line 2461, in load
    return self.resolve()
  File "/home/zyh/.local/lib/python3.8/site-packages/pkg_resources/__init__.py", line 2467, in resolve
    module = __import__(self.module_name, fromlist=['__name__'], level=0)
  File "/usr/lib/python3/dist-packages/colcon_core/shell/bat.py", line 15, in <module>
    from colcon_core.shell.template import expand_template
  File "/usr/lib/python3/dist-packages/colcon_core/shell/template/__init__.py", line 19, in <module>
    raise e from None
  File "/usr/lib/python3/dist-packages/colcon_core/shell/template/__init__.py", line 9, in <module>
    from em import Interpreter
ImportError: cannot import name 'Interpreter' from 'em' (/home/zyh/.local/lib/python3.8/site-packages/em/__init__.py) The Python package 'empy' must be installed and 'em' must not be installed since both packages share the same namespace

[0.603s] ERROR:colcon.colcon_core.entry_point:Exception loading extension 'colcon_core.shell.dsv': cannot import name 'Interpreter' from 'em' (/home/zyh/.local/lib/python3.8/site-packages/em/__init__.py) The Python package 'empy' must be installed and 'em' must not be installed since both packages share the same namespace
Traceback (most recent call last):
  File "/usr/lib/python3/dist-packages/colcon_core/entry_point.py", line 120, in load_entry_points
    extension_type = load_entry_point(entry_point)
  File "/usr/lib/python3/dist-packages/colcon_core/entry_point.py", line 166, in load_entry_point
    return entry_point.load()
  File "/home/zyh/.local/lib/python3.8/site-packages/pkg_resources/__init__.py", line 2461, in load
    return self.resolve()
  File "/home/zyh/.local/lib/python3.8/site-packages/pkg_resources/__init__.py", line 2467, in resolve
    module = __import__(self.module_name, fromlist=['__name__'], level=0)
  File "/usr/lib/python3/dist-packages/colcon_core/shell/dsv.py", line 9, in <module>
    from colcon_core.shell.template import expand_template
  File "/usr/lib/python3/dist-packages/colcon_core/shell/template/__init__.py", line 19, in <module>
    raise e from None
  File "/usr/lib/python3/dist-packages/colcon_core/shell/template/__init__.py", line 9, in <module>
    from em import Interpreter
ImportError: cannot import name 'Interpreter' from 'em' (/home/zyh/.local/lib/python3.8/site-packages/em/__init__.py) The Python package 'empy' must be installed and 'em' must not be installed since both packages share the same namespace

[0.605s] ERROR:colcon.colcon_core.entry_point:Exception loading extension 'colcon_core.shell.sh': cannot import name 'Interpreter' from 'em' (/home/zyh/.local/lib/python3.8/site-packages/em/__init__.py) The Python package 'empy' must be installed and 'em' must not be installed since both packages share the same namespace
Traceback (most recent call last):
  File "/usr/lib/python3/dist-packages/colcon_core/entry_point.py", line 120, in load_entry_points
    extension_type = load_entry_point(entry_point)
  File "/usr/lib/python3/dist-packages/colcon_core/entry_point.py", line 166, in load_entry_point
    return entry_point.load()
  File "/home/zyh/.local/lib/python3.8/site-packages/pkg_resources/__init__.py", line 2461, in load
    return self.resolve()
  File "/home/zyh/.local/lib/python3.8/site-packages/pkg_resources/__init__.py", line 2467, in resolve
    module = __import__(self.module_name, fromlist=['__name__'], level=0)
  File "/usr/lib/python3/dist-packages/colcon_core/shell/sh.py", line 15, in <module>
    from colcon_core.shell.template import expand_template
  File "/usr/lib/python3/dist-packages/colcon_core/shell/template/__init__.py", line 19, in <module>
    raise e from None
  File "/usr/lib/python3/dist-packages/colcon_core/shell/template/__init__.py", line 9, in <module>
    from em import Interpreter
ImportError: cannot import name 'Interpreter' from 'em' (/home/zyh/.local/lib/python3.8/site-packages/em/__init__.py) The Python package 'empy' must be installed and 'em' must not be installed since both packages share the same namespace

[0.606s] ERROR:colcon.colcon_core.entry_point:Exception loading extension 'colcon_core.shell.bash': cannot import name 'Interpreter' from 'em' (/home/zyh/.local/lib/python3.8/site-packages/em/__init__.py) The Python package 'empy' must be installed and 'em' must not be installed since both packages share the same namespace
Traceback (most recent call last):
  File "/usr/lib/python3/dist-packages/colcon_core/entry_point.py", line 120, in load_entry_points
    extension_type = load_entry_point(entry_point)
  File "/usr/lib/python3/dist-packages/colcon_core/entry_point.py", line 166, in load_entry_point
    return entry_point.load()
  File "/home/zyh/.local/lib/python3.8/site-packages/pkg_resources/__init__.py", line 2461, in load
    return self.resolve()
  File "/home/zyh/.local/lib/python3.8/site-packages/pkg_resources/__init__.py", line 2467, in resolve
    module = __import__(self.module_name, fromlist=['__name__'], level=0)
  File "/usr/lib/python3/dist-packages/colcon_bash/shell/bash.py", line 13, in <module>
    from colcon_core.shell.template import expand_template
  File "/usr/lib/python3/dist-packages/colcon_core/shell/template/__init__.py", line 19, in <module>
    raise e from None
  File "/usr/lib/python3/dist-packages/colcon_core/shell/template/__init__.py", line 9, in <module>
    from em import Interpreter
ImportError: cannot import name 'Interpreter' from 'em' (/home/zyh/.local/lib/python3.8/site-packages/em/__init__.py) The Python package 'empy' must be installed and 'em' must not be installed since both packages share the same namespace

[0.606s] Level 1:colcon.colcon_core.environment:create_file_with_runtime_dependencies(/home/zyh/ros2_study/foxy/foxy_ws/install/exp_interfaces/share/colcon-core/packages/exp_interfaces)
[0.618s] DEBUG:colcon.colcon_parallel_executor.executor.parallel:closing loop
[0.618s] DEBUG:colcon.colcon_parallel_executor.executor.parallel:loop closed
[0.618s] DEBUG:colcon.colcon_parallel_executor.executor.parallel:run_until_complete finished with '1'
[0.618s] DEBUG:colcon.colcon_core.event_reactor:joining thread
[0.625s] INFO:colcon.colcon_core.plugin_system:Skipping extension 'colcon_notification.desktop_notification.terminal_notifier': Not used on non-Darwin systems
[0.625s] INFO:colcon.colcon_core.plugin_system:Skipping extension 'colcon_notification.desktop_notification.win32': Not used on non-Windows systems
[0.625s] INFO:colcon.colcon_notification.desktop_notification:Sending desktop notification using 'notify2'
[0.640s] DEBUG:colcon.colcon_core.event_reactor:joined thread
[0.641s] ERROR:colcon.colcon_core.entry_point:Exception loading extension 'colcon_core.shell.zsh': cannot import name 'Interpreter' from 'em' (/home/zyh/.local/lib/python3.8/site-packages/em/__init__.py) The Python package 'empy' must be installed and 'em' must not be installed since both packages share the same namespace
Traceback (most recent call last):
  File "/usr/lib/python3/dist-packages/colcon_core/entry_point.py", line 120, in load_entry_points
    extension_type = load_entry_point(entry_point)
  File "/usr/lib/python3/dist-packages/colcon_core/entry_point.py", line 166, in load_entry_point
    return entry_point.load()
  File "/home/zyh/.local/lib/python3.8/site-packages/pkg_resources/__init__.py", line 2461, in load
    return self.resolve()
  File "/home/zyh/.local/lib/python3.8/site-packages/pkg_resources/__init__.py", line 2467, in resolve
    module = __import__(self.module_name, fromlist=['__name__'], level=0)
  File "/usr/lib/python3/dist-packages/colcon_zsh/shell/zsh.py", line 13, in <module>
    from colcon_core.shell.template import expand_template
  File "/usr/lib/python3/dist-packages/colcon_core/shell/template/__init__.py", line 19, in <module>
    raise e from None
  File "/usr/lib/python3/dist-packages/colcon_core/shell/template/__init__.py", line 9, in <module>
    from em import Interpreter
ImportError: cannot import name 'Interpreter' from 'em' (/home/zyh/.local/lib/python3.8/site-packages/em/__init__.py) The Python package 'empy' must be installed and 'em' must not be installed since both packages share the same namespace

[0.642s] ERROR:colcon.colcon_core.entry_point:Exception loading extension 'colcon_core.shell.powershell': cannot import name 'Interpreter' from 'em' (/home/zyh/.local/lib/python3.8/site-packages/em/__init__.py) The Python package 'empy' must be installed and 'em' must not be installed since both packages share the same namespace
Traceback (most recent call last):
  File "/usr/lib/python3/dist-packages/colcon_core/entry_point.py", line 120, in load_entry_points
    extension_type = load_entry_point(entry_point)
  File "/usr/lib/python3/dist-packages/colcon_core/entry_point.py", line 166, in load_entry_point
    return entry_point.load()
  File "/home/zyh/.local/lib/python3.8/site-packages/pkg_resources/__init__.py", line 2461, in load
    return self.resolve()
  File "/home/zyh/.local/lib/python3.8/site-packages/pkg_resources/__init__.py", line 2467, in resolve
    module = __import__(self.module_name, fromlist=['__name__'], level=0)
  File "/usr/lib/python3/dist-packages/colcon_powershell/shell/powershell.py", line 17, in <module>
    from colcon_core.shell.template import expand_template
  File "/usr/lib/python3/dist-packages/colcon_core/shell/template/__init__.py", line 19, in <module>
    raise e from None
  File "/usr/lib/python3/dist-packages/colcon_core/shell/template/__init__.py", line 9, in <module>
    from em import Interpreter
ImportError: cannot import name 'Interpreter' from 'em' (/home/zyh/.local/lib/python3.8/site-packages/em/__init__.py) The Python package 'empy' must be installed and 'em' must not be installed since both packages share the same namespace

[0.643s] ERROR:colcon.colcon_core.entry_point:Exception loading extension 'colcon_core.shell.bat': cannot import name 'Interpreter' from 'em' (/home/zyh/.local/lib/python3.8/site-packages/em/__init__.py) The Python package 'empy' must be installed and 'em' must not be installed since both packages share the same namespace
Traceback (most recent call last):
  File "/usr/lib/python3/dist-packages/colcon_core/entry_point.py", line 120, in load_entry_points
    extension_type = load_entry_point(entry_point)
  File "/usr/lib/python3/dist-packages/colcon_core/entry_point.py", line 166, in load_entry_point
    return entry_point.load()
  File "/home/zyh/.local/lib/python3.8/site-packages/pkg_resources/__init__.py", line 2461, in load
    return self.resolve()
  File "/home/zyh/.local/lib/python3.8/site-packages/pkg_resources/__init__.py", line 2467, in resolve
    module = __import__(self.module_name, fromlist=['__name__'], level=0)
  File "/usr/lib/python3/dist-packages/colcon_core/shell/bat.py", line 15, in <module>
    from colcon_core.shell.template import expand_template
  File "/usr/lib/python3/dist-packages/colcon_core/shell/template/__init__.py", line 19, in <module>
    raise e from None
  File "/usr/lib/python3/dist-packages/colcon_core/shell/template/__init__.py", line 9, in <module>
    from em import Interpreter
ImportError: cannot import name 'Interpreter' from 'em' (/home/zyh/.local/lib/python3.8/site-packages/em/__init__.py) The Python package 'empy' must be installed and 'em' must not be installed since both packages share the same namespace

[0.644s] ERROR:colcon.colcon_core.entry_point:Exception loading extension 'colcon_core.shell.dsv': cannot import name 'Interpreter' from 'em' (/home/zyh/.local/lib/python3.8/site-packages/em/__init__.py) The Python package 'empy' must be installed and 'em' must not be installed since both packages share the same namespace
Traceback (most recent call last):
  File "/usr/lib/python3/dist-packages/colcon_core/entry_point.py", line 120, in load_entry_points
    extension_type = load_entry_point(entry_point)
  File "/usr/lib/python3/dist-packages/colcon_core/entry_point.py", line 166, in load_entry_point
    return entry_point.load()
  File "/home/zyh/.local/lib/python3.8/site-packages/pkg_resources/__init__.py", line 2461, in load
    return self.resolve()
  File "/home/zyh/.local/lib/python3.8/site-packages/pkg_resources/__init__.py", line 2467, in resolve
    module = __import__(self.module_name, fromlist=['__name__'], level=0)
  File "/usr/lib/python3/dist-packages/colcon_core/shell/dsv.py", line 9, in <module>
    from colcon_core.shell.template import expand_template
  File "/usr/lib/python3/dist-packages/colcon_core/shell/template/__init__.py", line 19, in <module>
    raise e from None
  File "/usr/lib/python3/dist-packages/colcon_core/shell/template/__init__.py", line 9, in <module>
    from em import Interpreter
ImportError: cannot import name 'Interpreter' from 'em' (/home/zyh/.local/lib/python3.8/site-packages/em/__init__.py) The Python package 'empy' must be installed and 'em' must not be installed since both packages share the same namespace

[0.645s] ERROR:colcon.colcon_core.entry_point:Exception loading extension 'colcon_core.shell.sh': cannot import name 'Interpreter' from 'em' (/home/zyh/.local/lib/python3.8/site-packages/em/__init__.py) The Python package 'empy' must be installed and 'em' must not be installed since both packages share the same namespace
Traceback (most recent call last):
  File "/usr/lib/python3/dist-packages/colcon_core/entry_point.py", line 120, in load_entry_points
    extension_type = load_entry_point(entry_point)
  File "/usr/lib/python3/dist-packages/colcon_core/entry_point.py", line 166, in load_entry_point
    return entry_point.load()
  File "/home/zyh/.local/lib/python3.8/site-packages/pkg_resources/__init__.py", line 2461, in load
    return self.resolve()
  File "/home/zyh/.local/lib/python3.8/site-packages/pkg_resources/__init__.py", line 2467, in resolve
    module = __import__(self.module_name, fromlist=['__name__'], level=0)
  File "/usr/lib/python3/dist-packages/colcon_core/shell/sh.py", line 15, in <module>
    from colcon_core.shell.template import expand_template
  File "/usr/lib/python3/dist-packages/colcon_core/shell/template/__init__.py", line 19, in <module>
    raise e from None
  File "/usr/lib/python3/dist-packages/colcon_core/shell/template/__init__.py", line 9, in <module>
    from em import Interpreter
ImportError: cannot import name 'Interpreter' from 'em' (/home/zyh/.local/lib/python3.8/site-packages/em/__init__.py) The Python package 'empy' must be installed and 'em' must not be installed since both packages share the same namespace

[0.646s] ERROR:colcon.colcon_core.entry_point:Exception loading extension 'colcon_core.shell.bash': cannot import name 'Interpreter' from 'em' (/home/zyh/.local/lib/python3.8/site-packages/em/__init__.py) The Python package 'empy' must be installed and 'em' must not be installed since both packages share the same namespace
Traceback (most recent call last):
  File "/usr/lib/python3/dist-packages/colcon_core/entry_point.py", line 120, in load_entry_points
    extension_type = load_entry_point(entry_point)
  File "/usr/lib/python3/dist-packages/colcon_core/entry_point.py", line 166, in load_entry_point
    return entry_point.load()
  File "/home/zyh/.local/lib/python3.8/site-packages/pkg_resources/__init__.py", line 2461, in load
    return self.resolve()
  File "/home/zyh/.local/lib/python3.8/site-packages/pkg_resources/__init__.py", line 2467, in resolve
    module = __import__(self.module_name, fromlist=['__name__'], level=0)
  File "/usr/lib/python3/dist-packages/colcon_bash/shell/bash.py", line 13, in <module>
    from colcon_core.shell.template import expand_template
  File "/usr/lib/python3/dist-packages/colcon_core/shell/template/__init__.py", line 19, in <module>
    raise e from None
  File "/usr/lib/python3/dist-packages/colcon_core/shell/template/__init__.py", line 9, in <module>
    from em import Interpreter
ImportError: cannot import name 'Interpreter' from 'em' (/home/zyh/.local/lib/python3.8/site-packages/em/__init__.py) The Python package 'empy' must be installed and 'em' must not be installed since both packages share the same namespace

